<?xml version="1.0" encoding="UTF-8"?>
<!-- Generated by org.testng.reporters.JUnitReportReporter -->
<testsuite hostname="DESKTOP-AHCCKFO" failures="0" tests="1" name="SignInTest" time="20.482" errors="0" timestamp="12 Feb 2022 09:09:54 GMT" skipped="0">
  <testcase classname="SignInTest" name="SignInWithValidCredentials" time="20.482"/>
</testsuite> <!-- SignInTest -->
