<?xml version="1.0" encoding="UTF-8"?>
<!-- Generated by org.testng.reporters.JUnitReportReporter -->
<testsuite hostname="DESKTOP-AHCCKFO" failures="0" tests="1" name="SearchTest" time="37.346" errors="0" timestamp="14 Feb 2022 08:46:05 GMT" skipped="0">
  <testcase classname="SearchTest" name="searchAndAddItemToCart" time="37.346"/>
</testsuite> <!-- SearchTest -->
