<?xml version="1.0" encoding="UTF-8"?>
<!-- Generated by org.testng.reporters.JUnitReportReporter -->
<testsuite hostname="DESKTOP-AHCCKFO" failures="0" tests="2" name="ShoppingTest" time="115.638" errors="0" timestamp="14 Feb 2022 08:46:05 GMT" skipped="0">
  <testcase classname="ShoppingTest" name="addAndRemoveItemsFromShoppingCartPage" time="43.509"/>
  <testcase classname="ShoppingTest" name="filterAndAddItemThenIncreaseTheNumberInTheShoppingCart" time="72.129"/>
</testsuite> <!-- ShoppingTest -->
