<?xml version="1.0" encoding="UTF-8"?>
<!-- Generated by org.testng.reporters.JUnitReportReporter -->
<testsuite hostname="DESKTOP-AHCCKFO" failures="0" tests="1" name="E2ETest" time="67.495" errors="0" timestamp="12 Feb 2022 11:16:10 GMT" skipped="0">
  <testcase classname="E2ETest" name="EndToEnd" time="67.495"/>
</testsuite> <!-- E2ETest -->
